              :-) GROMACS - gmx mdrun, 2022.4-plumed_2.8.1-dev (-:

Copyright 1991-2022 The GROMACS Authors.
GROMACS is free software; you can redistribute it and/or modify it
under the terms of the GNU Lesser General Public License
as published by the Free Software Foundation; either version 2.1
of the License, or (at your option) any later version.

                         Current GROMACS contributors:
       Mark Abraham           Andrey Alekseenko           Cathrine Bergh      
      Christian Blau            Eliane Briand               Kevin Boyd        
     Oliver Fleetwood         Stefan Fleischmann           Vytas Gapsys       
       Gaurav Garg           Gilles Gouaillardet            Alan Gray         
      Victor Holanda           M. Eric Irrgang              Joe Jordan        
    Christoph Junghans        Prashanth Kanduri           Sebastian Kehl      
     Sebastian Keller          Carsten Kutzner           Magnus Lundborg      
       Pascal Merz              Dmitry Morozov             Szilard Pall       
      Roland Schulz             Michael Shirts         David van der Spoel    
     Alessandra Villa      Sebastian Wingbermuehle        Artem Zhmurov       

                         Previous GROMACS contributors:
        Emile Apol             Rossen Apostolov           James Barnett       
  Herman J.C. Berendsen          Par Bjelkmar           Viacheslav Bolnykh    
    Aldert van Buuren          Carlo Camilloni           Rudi van Drunen      
      Anton Feenstra           Gerrit Groenhof            Bert de Groot       
      Anca Hamuraru           Vincent Hindriksen         Aleksei Iupinov      
   Dimitrios Karkoulis           Peter Kasson               Jiri Kraus        
       Per Larsson             Justin A. Lemkul           Viveca Lindahl      
      Erik Marklund           Pieter Meulenhoff           Vedran Miletic      
      Teemu Murtola              Sander Pronk            Alexey Shvetsov      
      Alfons Sijbers            Peter Tieleman             Jon Vincent        
     Teemu Virolainen         Christian Wennberg           Maarten Wolf       

                  Coordinated by the GROMACS project leaders:
                    Paul Bauer, Berk Hess, and Erik Lindahl

GROMACS:      gmx mdrun, version 2022.4-plumed_2.8.1-dev
Executable:   /opt/conda/bin/gmx
Data prefix:  /opt/conda
Working dir:  /home/input_lbg-19150-14099510
Process ID:   56
Command line:
  gmx mdrun -v -deffnm nvt -ntomp 4 -ntmpi 2

GROMACS version:    2022.4-plumed_2.8.1-dev
Precision:          mixed
Memory model:       64 bit
MPI library:        thread_mpi
OpenMP support:     enabled (GMX_OPENMP_MAX_THREADS = 128)
GPU support:        CUDA
SIMD instructions:  AVX_512
CPU FFT library:    fftw-3.3.8-sse2-avx-avx2-avx2_128-avx512
GPU FFT library:    cuFFT
RDTSCP usage:       enabled
TNG support:        enabled
Hwloc support:      disabled
Tracing support:    disabled
C compiler:         /usr/bin/gcc GNU 9.4.0
C compiler flags:   -mavx512f -mfma -mavx512vl -mavx512dq -mavx512bw -Wall -Wno-unused -Wunused-value -Wunused-parameter -Wextra -Wno-sign-compare -Wpointer-arith -Wundef -Werror=stringop-truncation -Wno-missing-field-initializers -fexcess-precision=fast -funroll-all-loops -Wno-array-bounds -O3 -DNDEBUG
C++ compiler:       /usr/bin/g++ GNU 9.4.0
C++ compiler flags: -mavx512f -mfma -mavx512vl -mavx512dq -mavx512bw -Wall -Wextra -Wpointer-arith -Wmissing-declarations -Wundef -Wstringop-truncation -Wno-missing-field-initializers -fexcess-precision=fast -funroll-all-loops -Wno-array-bounds -fopenmp -O3 -DNDEBUG
CUDA compiler:      /usr/local/cuda/bin/nvcc nvcc: NVIDIA (R) Cuda compiler driver;Copyright (c) 2005-2020 NVIDIA Corporation;Built on Wed_Jul_22_19:09:09_PDT_2020;Cuda compilation tools, release 11.0, V11.0.221;Build cuda_11.0_bu.TC445_37.28845127_0
CUDA compiler flags:-std=c++17;--generate-code=arch=compute_35,code=sm_35;--generate-code=arch=compute_37,code=sm_37;--generate-code=arch=compute_50,code=sm_50;--generate-code=arch=compute_52,code=sm_52;--generate-code=arch=compute_60,code=sm_60;--generate-code=arch=compute_61,code=sm_61;--generate-code=arch=compute_70,code=sm_70;--generate-code=arch=compute_75,code=sm_75;--generate-code=arch=compute_80,code=sm_80;-Wno-deprecated-gpu-targets;--generate-code=arch=compute_53,code=sm_53;--generate-code=arch=compute_80,code=sm_80;-use_fast_math;-D_FORCE_INLINES;-mavx512f -mfma -mavx512vl -mavx512dq -mavx512bw -Wall -Wextra -Wpointer-arith -Wmissing-declarations -Wundef -Wstringop-truncation -Wno-missing-field-initializers -fexcess-precision=fast -funroll-all-loops -Wno-array-bounds -fopenmp -O3 -DNDEBUG
CUDA driver:        12.0
CUDA runtime:       11.0


Running on 1 node with total 1 cores, 8 processing units, 1 compatible GPU
Hardware detected:
  CPU info:
    Vendor: Intel
    Brand:  Intel(R) Xeon(R) Platinum 8255C CPU @ 2.50GHz
    Family: 6   Model: 85   Stepping: 5
    Features: aes apic avx avx2 avx512f avx512cd avx512bw avx512vl avx512secondFMA clfsh cmov cx8 cx16 f16c fma hle intel lahf mmx msr pcid pclmuldq pdpe1gb popcnt pse rdrnd rdtscp rtm sse2 sse3 sse4.1 sse4.2 ssse3 tdt x2apic
    Number of AVX-512 FMA units: 2
  Hardware topology: Basic
    Packages, cores, and logical processors:
    [indices refer to OS logical processors]
      Package  0: [   0   1   2   3   4   5   6   7]
    CPU limit set by OS: 7   Recommended max number of threads: 7
  GPU info:
    Number of GPUs detected: 1
    #0: NVIDIA Tesla T4, compute cap.: 7.5, ECC: yes, stat: compatible


++++ PLEASE READ AND CITE THE FOLLOWING REFERENCE ++++
M. J. Abraham, T. Murtola, R. Schulz, S. Páll, J. C. Smith, B. Hess, E.
Lindahl
GROMACS: High performance molecular simulations through multi-level
parallelism from laptops to supercomputers
SoftwareX 1 (2015) pp. 19-25
-------- -------- --- Thank You --- -------- --------


++++ PLEASE READ AND CITE THE FOLLOWING REFERENCE ++++
S. Páll, M. J. Abraham, C. Kutzner, B. Hess, E. Lindahl
Tackling Exascale Software Challenges in Molecular Dynamics Simulations with
GROMACS
In S. Markidis & E. Laure (Eds.), Solving Software Challenges for Exascale 8759 (2015) pp. 3-27
-------- -------- --- Thank You --- -------- --------


++++ PLEASE READ AND CITE THE FOLLOWING REFERENCE ++++
S. Pronk, S. Páll, R. Schulz, P. Larsson, P. Bjelkmar, R. Apostolov, M. R.
Shirts, J. C. Smith, P. M. Kasson, D. van der Spoel, B. Hess, and E. Lindahl
GROMACS 4.5: a high-throughput and highly parallel open source molecular
simulation toolkit
Bioinformatics 29 (2013) pp. 845-54
-------- -------- --- Thank You --- -------- --------


++++ PLEASE READ AND CITE THE FOLLOWING REFERENCE ++++
B. Hess and C. Kutzner and D. van der Spoel and E. Lindahl
GROMACS 4: Algorithms for highly efficient, load-balanced, and scalable
molecular simulation
J. Chem. Theory Comput. 4 (2008) pp. 435-447
-------- -------- --- Thank You --- -------- --------


++++ PLEASE READ AND CITE THE FOLLOWING REFERENCE ++++
D. van der Spoel, E. Lindahl, B. Hess, G. Groenhof, A. E. Mark and H. J. C.
Berendsen
GROMACS: Fast, Flexible and Free
J. Comp. Chem. 26 (2005) pp. 1701-1719
-------- -------- --- Thank You --- -------- --------


++++ PLEASE READ AND CITE THE FOLLOWING REFERENCE ++++
E. Lindahl and B. Hess and D. van der Spoel
GROMACS 3.0: A package for molecular simulation and trajectory analysis
J. Mol. Mod. 7 (2001) pp. 306-317
-------- -------- --- Thank You --- -------- --------


++++ PLEASE READ AND CITE THE FOLLOWING REFERENCE ++++
H. J. C. Berendsen, D. van der Spoel and R. van Drunen
GROMACS: A message-passing parallel molecular dynamics implementation
Comp. Phys. Comm. 91 (1995) pp. 43-56
-------- -------- --- Thank You --- -------- --------

Input Parameters:
   integrator                     = md
   tinit                          = 0
   dt                             = 0.002
   nsteps                         = 50000
   init-step                      = 0
   simulation-part                = 1
   mts                            = false
   comm-mode                      = Linear
   nstcomm                        = 10
   bd-fric                        = 0
   ld-seed                        = -1474689
   emtol                          = 10
   emstep                         = 0.01
   niter                          = 20
   fcstep                         = 0
   nstcgsteep                     = 1000
   nbfgscorr                      = 10
   rtpi                           = 0.05
   nstxout                        = 0
   nstvout                        = 0
   nstfout                        = 0
   nstlog                         = 1000
   nstcalcenergy                  = 100
   nstenergy                      = 2000
   nstxout-compressed             = 2000
   compressed-x-precision         = 1000
   cutoff-scheme                  = Verlet
   nstlist                        = 5
   pbc                            = xyz
   periodic-molecules             = false
   verlet-buffer-tolerance        = 0.005
   rlist                          = 1.4
   coulombtype                    = PME
   coulomb-modifier               = Potential-shift
   rcoulomb-switch                = 0
   rcoulomb                       = 1.4
   epsilon-r                      = 1
   epsilon-rf                     = inf
   vdw-type                       = Cut-off
   vdw-modifier                   = Potential-shift
   rvdw-switch                    = 0
   rvdw                           = 1.4
   DispCorr                       = EnerPres
   table-extension                = 1
   fourierspacing                 = 0.16
   fourier-nx                     = 64
   fourier-ny                     = 64
   fourier-nz                     = 64
   pme-order                      = 4
   ewald-rtol                     = 1e-05
   ewald-rtol-lj                  = 0.001
   lj-pme-comb-rule               = Geometric
   ewald-geometry                 = 3d
   epsilon-surface                = 0
   tcoupl                         = V-rescale
   nsttcouple                     = 10
   nh-chain-length                = 0
   print-nose-hoover-chain-variables = false
   pcoupl                         = No
   pcoupltype                     = Isotropic
   nstpcouple                     = -1
   tau-p                          = 1
   compressibility (3x3):
      compressibility[    0]={ 0.00000e+00,  0.00000e+00,  0.00000e+00}
      compressibility[    1]={ 0.00000e+00,  0.00000e+00,  0.00000e+00}
      compressibility[    2]={ 0.00000e+00,  0.00000e+00,  0.00000e+00}
   ref-p (3x3):
      ref-p[    0]={ 0.00000e+00,  0.00000e+00,  0.00000e+00}
      ref-p[    1]={ 0.00000e+00,  0.00000e+00,  0.00000e+00}
      ref-p[    2]={ 0.00000e+00,  0.00000e+00,  0.00000e+00}
   refcoord-scaling               = No
   posres-com (3):
      posres-com[0]= 0.00000e+00
      posres-com[1]= 0.00000e+00
      posres-com[2]= 0.00000e+00
   posres-comB (3):
      posres-comB[0]= 0.00000e+00
      posres-comB[1]= 0.00000e+00
      posres-comB[2]= 0.00000e+00
   QMMM                           = false
qm-opts:
   ngQM                           = 0
   constraint-algorithm           = Lincs
   continuation                   = false
   Shake-SOR                      = false
   shake-tol                      = 0.0001
   lincs-order                    = 4
   lincs-iter                     = 1
   lincs-warnangle                = 30
   nwall                          = 0
   wall-type                      = 9-3
   wall-r-linpot                  = -1
   wall-atomtype[0]               = -1
   wall-atomtype[1]               = -1
   wall-density[0]                = 0
   wall-density[1]                = 0
   wall-ewald-zfac                = 3
   pull                           = false
   awh                            = false
   rotation                       = false
   interactiveMD                  = false
   disre                          = No
   disre-weighting                = Conservative
   disre-mixed                    = false
   dr-fc                          = 1000
   dr-tau                         = 0
   nstdisreout                    = 100
   orire-fc                       = 0
   orire-tau                      = 0
   nstorireout                    = 100
   free-energy                    = no
   cos-acceleration               = 0
   deform (3x3):
      deform[    0]={ 0.00000e+00,  0.00000e+00,  0.00000e+00}
      deform[    1]={ 0.00000e+00,  0.00000e+00,  0.00000e+00}
      deform[    2]={ 0.00000e+00,  0.00000e+00,  0.00000e+00}
   simulated-tempering            = false
   swapcoords                     = no
   userint1                       = 0
   userint2                       = 0
   userint3                       = 0
   userint4                       = 0
   userreal1                      = 0
   userreal2                      = 0
   userreal3                      = 0
   userreal4                      = 0
   applied-forces:
     electric-field:
       x:
         E0                       = 0
         omega                    = 0
         t0                       = 0
         sigma                    = 0
       y:
         E0                       = 0
         omega                    = 0
         t0                       = 0
         sigma                    = 0
       z:
         E0                       = 0
         omega                    = 0
         t0                       = 0
         sigma                    = 0
     density-guided-simulation:
       active                     = false
       group                      = protein
       similarity-measure         = inner-product
       atom-spreading-weight      = unity
       force-constant             = 1e+09
       gaussian-transform-spreading-width = 0.2
       gaussian-transform-spreading-range-in-multiples-of-width = 4
       reference-density-filename = reference.mrc
       nst                        = 1
       normalize-densities        = true
       adaptive-force-scaling     = false
       adaptive-force-scaling-time-constant = 4
       shift-vector               = 
       transformation-matrix      = 
     qmmm-cp2k:
       active                     = false
       qmgroup                    = System
       qmmethod                   = PBE
       qmfilenames                = 
       qmcharge                   = 0
       qmmultiplicity             = 1
grpopts:
   nrdf:      138837
   ref-t:         308
   tau-t:         0.1
annealing:          No
annealing-npoints:           0
   acc:	           0           0           0
   nfreeze:           N           N           N
   energygrp-flags[  0]: 0

Changing nstlist from 5 to 100, rlist from 1.4 to 1.53


Initializing Domain Decomposition on 2 ranks
Dynamic load balancing: auto
Using update groups, nr 23752, average size 2.9 atoms, max. radius 0.104 nm
Minimum cell size due to atom displacement: 0.669 nm
Initial maximum distances in bonded interactions:
    two-body bonded interactions: 0.450 nm, LJ-14, atoms 2138 3099
  multi-body bonded interactions: 0.450 nm, Proper Dih., atoms 3099 2138
Minimum cell size due to bonded interactions: 0.495 nm
Scaling the initial minimum size with 1/0.8 (option -dds) = 1.25
Using 0 separate PME ranks because: PME-only ranks are not automatically used when non-bonded interactions are computed on GPUs; there are too few total ranks for efficient splitting
Optimizing the DD grid for 2 cells with a minimum initial size of 0.836 nm
The maximum allowed number of cells is: X 9 Y 9 Z 8
Domain decomposition grid 2 x 1 x 1, separate PME ranks 0
PME domain decomposition: 2 x 1 x 1
Domain decomposition rank 0, coordinates 0 0 0

The initial number of communication pulses is: X 1
The initial domain decomposition cell size is: X 4.03 nm

The maximum allowed distance for atom groups involved in interactions is:
                 non-bonded interactions           1.738 nm
            two-body bonded interactions  (-rdd)   1.738 nm
          multi-body bonded interactions  (-rdd)   1.738 nm

When dynamic load balancing gets turned on, these settings will change to:
The maximum number of communication pulses is: X 1
The minimum size for domain decomposition cells is 1.738 nm
The requested allowed shrink of DD cells (option -dds) is: 0.80
The allowed shrink of domain decomposition cells is: X 0.43
The maximum allowed distance for atom groups involved in interactions is:
                 non-bonded interactions           1.738 nm
            two-body bonded interactions  (-rdd)   1.738 nm
          multi-body bonded interactions  (-rdd)   1.738 nm

On host dp-lbg-19150-14099510 1 GPU selected for this run.
Mapping of GPU IDs to the 2 GPU tasks in the 2 ranks on this node:
  PP:0,PP:0
PP tasks will do (non-perturbed) short-ranged and most bonded interactions on the GPU
PP task will update and constrain coordinates on the CPU
Using 2 MPI threads
Using 4 OpenMP threads per tMPI thread


WARNING: Oversubscribing the recommended max load of 7 logical CPUs with 8 threads.
         This will cause considerable performance loss.

NOTE: OS CPU limit is lower than logical cpu count, thread pinning disabled.
System total charge: 0.000
Will do PME sum in reciprocal space for electrostatic interactions.

++++ PLEASE READ AND CITE THE FOLLOWING REFERENCE ++++
U. Essmann, L. Perera, M. L. Berkowitz, T. Darden, H. Lee and L. G. Pedersen 
A smooth particle mesh Ewald method
J. Chem. Phys. 103 (1995) pp. 8577-8592
-------- -------- --- Thank You --- -------- --------

Using a Gaussian width (1/beta) of 0.448228 nm for Ewald
Potential shift: LJ r^-12: -1.764e-02 r^-6: -1.328e-01, Ewald -7.143e-06
Initialized non-bonded Coulomb Ewald tables, spacing: 1.10e-03 size: 1270

Generated table with 1265 data points for 1-4 COUL.
Tabscale = 500 points/nm
Generated table with 1265 data points for 1-4 LJ6.
Tabscale = 500 points/nm
Generated table with 1265 data points for 1-4 LJ12.
Tabscale = 500 points/nm

Long Range LJ corr.: <C6> 3.2254e-04


Using GPU 8x8 nonbonded short-range kernels

Using a dual 8x8 pair-list setup updated with dynamic, rolling pruning:
  outer list: updated every 100 steps, buffer 0.130 nm, rlist 1.530 nm
  inner list: updated every  12 steps, buffer 0.001 nm, rlist 1.401 nm
At tolerance 0.005 kJ/mol/ps per atom, equivalent classical 1x1 list would be:
  outer list: updated every 100 steps, buffer 0.287 nm, rlist 1.687 nm
  inner list: updated every  12 steps, buffer 0.052 nm, rlist 1.452 nm

Using Lorentz-Berthelot Lennard-Jones combination rule
Removing pbc first time

Linking all bonded interactions to atoms


Initializing LINear Constraint Solver

++++ PLEASE READ AND CITE THE FOLLOWING REFERENCE ++++
B. Hess and H. Bekker and H. J. C. Berendsen and J. G. E. M. Fraaije
LINCS: A Linear Constraint Solver for molecular simulations
J. Comp. Chem. 18 (1997) pp. 1463-1472
-------- -------- --- Thank You --- -------- --------

The number of constraints is 3264

++++ PLEASE READ AND CITE THE FOLLOWING REFERENCE ++++
S. Miyamoto and P. A. Kollman
SETTLE: An Analytical Version of the SHAKE and RATTLE Algorithms for Rigid
Water Models
J. Comp. Chem. 13 (1992) pp. 952-962
-------- -------- --- Thank You --- -------- --------


Intra-simulation communication will occur every 10 steps.

++++ PLEASE READ AND CITE THE FOLLOWING REFERENCE ++++
G. Bussi, D. Donadio and M. Parrinello
Canonical sampling through velocity rescaling
J. Chem. Phys. 126 (2007) pp. 014101
-------- -------- --- Thank You --- -------- --------

There are: 67720 Atoms
Atom distribution over 2 domains: av 33860 stddev 2 min 33858 max 33862

NOTE: DLB will not turn on during the first phase of PME tuning

Constraining the starting coordinates (step 0)

Constraining the coordinates at t0-dt (step 0)
Center of mass motion removal mode is Linear
We have the following groups for center of mass motion removal:
  0:  System
RMS relative constraint deviation after constraining: 3.51e-06
Initial temperature: 307.969 K

Started mdrun on rank 0 Tue Aug  6 19:13:34 2024

           Step           Time
              0        0.00000

   Energies (kJ/mol)
           Bond          Angle    Proper Dih. Per. Imp. Dih.          LJ-14
    1.04373e+03    3.38381e+03    1.62113e+04    2.11743e+02    5.54485e+03
     Coulomb-14        LJ (SR)  Disper. corr.   Coulomb (SR)   Coul. recip.
    7.21913e+04    1.43899e+05   -3.30925e+03   -1.30630e+06    1.41053e+03
 Position Rest.      Potential    Kinetic En.   Total Energy  Conserved En.
    2.78994e-03   -1.06572e+06    1.77782e+05   -8.87936e+05   -8.87936e+05
    Temperature Pres. DC (bar) Pressure (bar)   Constr. rmsd
    3.08019e+02   -8.06068e+01   -3.25886e+03    3.62464e-06


DD  step 99 load imb.: force  0.9%

DD  step 999 load imb.: force  0.1%
           Step           Time
           1000        2.00000

   Energies (kJ/mol)
           Bond          Angle    Proper Dih. Per. Imp. Dih.          LJ-14
    5.84269e+03    1.47132e+04    1.83771e+04    9.57584e+02    6.45670e+03
     Coulomb-14        LJ (SR)  Disper. corr.   Coulomb (SR)   Coul. recip.
    7.22797e+04    1.06299e+05   -3.30925e+03   -1.08302e+06    2.07920e+03
 Position Rest.      Potential    Kinetic En.   Total Energy  Conserved En.
    1.56807e+03   -8.57751e+05    1.77132e+05   -6.80619e+05   -8.86108e+05
    Temperature Pres. DC (bar) Pressure (bar)   Constr. rmsd
    3.06894e+02   -8.06068e+01    1.10242e+02    3.97989e-06

step 1200: timed with pme grid 64 64 64, coulomb cutoff 1.400: 1240.2 M-cycles
step 1400: timed with pme grid 56 56 56, coulomb cutoff 1.544: 1119.1 M-cycles
step 1600: timed with pme grid 48 48 48, coulomb cutoff 1.801: 1112.0 M-cycles
step 1800: timed with pme grid 44 44 44, coulomb cutoff 1.965: 1164.2 M-cycles
step 2000: timed with pme grid 40 40 40, coulomb cutoff 2.161: 1290.3 M-cycles

DD  step 1999 load imb.: force  0.9%
           Step           Time
           2000        4.00000

   Energies (kJ/mol)
           Bond          Angle    Proper Dih. Per. Imp. Dih.          LJ-14
    5.93151e+03    1.45749e+04    1.84330e+04    1.02326e+03    6.39576e+03
     Coulomb-14        LJ (SR)  Disper. corr.   Coulomb (SR)   Coul. recip.
    7.20909e+04    1.07662e+05   -3.30925e+03   -1.08438e+06    6.49004e+02
 Position Rest.      Potential    Kinetic En.   Total Energy  Conserved En.
    1.59076e+03   -8.59343e+05    1.77662e+05   -6.81681e+05   -8.86076e+05
    Temperature Pres. DC (bar) Pressure (bar)   Constr. rmsd
    3.07811e+02   -8.06068e+01   -2.27039e+01    4.02528e-06

step 2200: timed with pme grid 42 42 42, coulomb cutoff 2.058: 1126.3 M-cycles
step 2400: timed with pme grid 44 44 44, coulomb cutoff 1.965: 1056.9 M-cycles
step 2600: timed with pme grid 48 48 48, coulomb cutoff 1.801: 1094.5 M-cycles
step 2800: timed with pme grid 52 52 52, coulomb cutoff 1.663: 1131.4 M-cycles
step 3000: timed with pme grid 56 56 56, coulomb cutoff 1.544: 1138.9 M-cycles

DD  step 2999 load imb.: force  0.5%
           Step           Time
           3000        6.00000

   Energies (kJ/mol)
           Bond          Angle    Proper Dih. Per. Imp. Dih.          LJ-14
    5.87779e+03    1.46892e+04    1.80817e+04    9.36778e+02    6.34949e+03
     Coulomb-14        LJ (SR)  Disper. corr.   Coulomb (SR)   Coul. recip.
    7.18865e+04    1.04418e+05   -3.30925e+03   -1.08114e+06    1.96701e+03
 Position Rest.      Potential    Kinetic En.   Total Energy  Conserved En.
    1.54406e+03   -8.58698e+05    1.78207e+05   -6.80491e+05   -8.86095e+05
    Temperature Pres. DC (bar) Pressure (bar)   Constr. rmsd
    3.08757e+02   -8.06068e+01   -4.29959e+02    3.87194e-06

step 3200: timed with pme grid 60 60 60, coulomb cutoff 1.441: 1223.9 M-cycles
step 3400: timed with pme grid 64 64 64, coulomb cutoff 1.400: 1225.5 M-cycles
step 3600: timed with pme grid 42 42 42, coulomb cutoff 2.058: 1166.1 M-cycles
step 3800: timed with pme grid 44 44 44, coulomb cutoff 1.965: 1070.5 M-cycles
step 4000: timed with pme grid 48 48 48, coulomb cutoff 1.801: 1048.1 M-cycles

DD  step 3999 load imb.: force  0.4%
           Step           Time
           4000        8.00000

   Energies (kJ/mol)
           Bond          Angle    Proper Dih. Per. Imp. Dih.          LJ-14
    5.88161e+03    1.43439e+04    1.80685e+04    8.37783e+02    6.36560e+03
     Coulomb-14        LJ (SR)  Disper. corr.   Coulomb (SR)   Coul. recip.
    7.18519e+04    1.06107e+05   -3.30925e+03   -1.08024e+06    1.20394e+03
 Position Rest.      Potential    Kinetic En.   Total Energy  Conserved En.
    1.55067e+03   -8.57340e+05    1.77783e+05   -6.79556e+05   -8.86112e+05
    Temperature Pres. DC (bar) Pressure (bar)   Constr. rmsd
    3.08022e+02   -8.06068e+01   -2.78837e+02    4.00507e-06

step 4200: timed with pme grid 52 52 52, coulomb cutoff 1.663: 1121.3 M-cycles
step 4400: timed with pme grid 56 56 56, coulomb cutoff 1.544: 1133.9 M-cycles
step 4600: timed with pme grid 60 60 60, coulomb cutoff 1.441: 1197.0 M-cycles
step 4800: timed with pme grid 64 64 64, coulomb cutoff 1.400: 1379.9 M-cycles
step 5000: timed with pme grid 42 42 42, coulomb cutoff 2.058: 1198.3 M-cycles

DD  step 4999 load imb.: force  1.3%
           Step           Time
           5000       10.00000

   Energies (kJ/mol)
           Bond          Angle    Proper Dih. Per. Imp. Dih.          LJ-14
    5.58222e+03    1.41948e+04    1.80982e+04    8.77546e+02    6.30927e+03
     Coulomb-14        LJ (SR)  Disper. corr.   Coulomb (SR)   Coul. recip.
    7.23873e+04    1.05311e+05   -3.30925e+03   -1.08064e+06    7.58256e+02
 Position Rest.      Potential    Kinetic En.   Total Energy  Conserved En.
    1.55757e+03   -8.58870e+05    1.79204e+05   -6.79666e+05   -8.86110e+05
    Temperature Pres. DC (bar) Pressure (bar)   Constr. rmsd
    3.10484e+02   -8.06068e+01   -1.09936e+02    3.80395e-06

step 5200: timed with pme grid 44 44 44, coulomb cutoff 1.965: 1121.8 M-cycles
step 5400: timed with pme grid 48 48 48, coulomb cutoff 1.801: 1029.7 M-cycles
step 5600: timed with pme grid 52 52 52, coulomb cutoff 1.663: 1120.4 M-cycles
step 5800: timed with pme grid 56 56 56, coulomb cutoff 1.544: 1103.4 M-cycles
              optimal pme grid 48 48 48, coulomb cutoff 1.801

NOTE: DLB can now turn on, when beneficial

DD  step 5999 load imb.: force  0.5%
           Step           Time
           6000       12.00000

   Energies (kJ/mol)
           Bond          Angle    Proper Dih. Per. Imp. Dih.          LJ-14
    5.63486e+03    1.39959e+04    1.83214e+04    8.84527e+02    6.48693e+03
     Coulomb-14        LJ (SR)  Disper. corr.   Coulomb (SR)   Coul. recip.
    7.22588e+04    1.06002e+05   -3.30925e+03   -1.07978e+06    9.81250e+02
 Position Rest.      Potential    Kinetic En.   Total Energy  Conserved En.
    1.56179e+03   -8.56957e+05    1.77450e+05   -6.79507e+05   -8.86087e+05
    Temperature Pres. DC (bar) Pressure (bar)   Constr. rmsd
    3.07445e+02   -8.06068e+01   -1.39397e+02    3.82087e-06


DD  step 6999 load imb.: force  0.1%
           Step           Time
           7000       14.00000

   Energies (kJ/mol)
           Bond          Angle    Proper Dih. Per. Imp. Dih.          LJ-14
    5.54767e+03    1.39912e+04    1.80928e+04    9.22220e+02    6.26903e+03
     Coulomb-14        LJ (SR)  Disper. corr.   Coulomb (SR)   Coul. recip.
    7.18680e+04    1.03854e+05   -3.30925e+03   -1.07827e+06    9.60281e+02
 Position Rest.      Potential    Kinetic En.   Total Energy  Conserved En.
    1.50917e+03   -8.58562e+05    1.77500e+05   -6.81061e+05   -8.86083e+05
    Temperature Pres. DC (bar) Pressure (bar)   Constr. rmsd
    3.07532e+02   -8.06068e+01   -2.74488e+02    3.78653e-06


DD  step 7999 load imb.: force  1.8%
           Step           Time
           8000       16.00000

   Energies (kJ/mol)
           Bond          Angle    Proper Dih. Per. Imp. Dih.          LJ-14
    5.66108e+03    1.35052e+04    1.81038e+04    8.40866e+02    6.37149e+03
     Coulomb-14        LJ (SR)  Disper. corr.   Coulomb (SR)   Coul. recip.
    7.22566e+04    1.06834e+05   -3.30925e+03   -1.08135e+06    9.56274e+02
 Position Rest.      Potential    Kinetic En.   Total Energy  Conserved En.
    1.62186e+03   -8.58513e+05    1.77495e+05   -6.81018e+05   -8.86087e+05
    Temperature Pres. DC (bar) Pressure (bar)   Constr. rmsd
    3.07523e+02   -8.06068e+01   -1.47139e+02    3.91192e-06


DD  step 8999 load imb.: force  3.2%
           Step           Time
           9000       18.00000

   Energies (kJ/mol)
           Bond          Angle    Proper Dih. Per. Imp. Dih.          LJ-14
    5.57844e+03    1.36460e+04    1.81732e+04    8.84371e+02    6.38053e+03
     Coulomb-14        LJ (SR)  Disper. corr.   Coulomb (SR)   Coul. recip.
    7.21847e+04    1.02912e+05   -3.30925e+03   -1.07690e+06    9.05278e+02
 Position Rest.      Potential    Kinetic En.   Total Energy  Conserved En.
    1.62122e+03   -8.57923e+05    1.79022e+05   -6.78901e+05   -8.86100e+05
    Temperature Pres. DC (bar) Pressure (bar)   Constr. rmsd
    3.10168e+02   -8.06068e+01   -1.17529e+02    3.71995e-06


DD  step 9999 load imb.: force  2.9%
           Step           Time
          10000       20.00000

   Energies (kJ/mol)
           Bond          Angle    Proper Dih. Per. Imp. Dih.          LJ-14
    5.32588e+03    1.37874e+04    1.81358e+04    8.82319e+02    6.29749e+03
     Coulomb-14        LJ (SR)  Disper. corr.   Coulomb (SR)   Coul. recip.
    7.19496e+04    1.05658e+05   -3.30925e+03   -1.07993e+06    9.70030e+02
 Position Rest.      Potential    Kinetic En.   Total Energy  Conserved En.
    1.53938e+03   -8.58696e+05    1.78251e+05   -6.80444e+05   -8.86080e+05
    Temperature Pres. DC (bar) Pressure (bar)   Constr. rmsd
    3.08833e+02   -8.06068e+01    1.46042e+02    3.60578e-06


DD  step 10999 load imb.: force  1.7%
           Step           Time
          11000       22.00000

   Energies (kJ/mol)
           Bond          Angle    Proper Dih. Per. Imp. Dih.          LJ-14
    5.43431e+03    1.38081e+04    1.80337e+04    9.32934e+02    6.36112e+03
     Coulomb-14        LJ (SR)  Disper. corr.   Coulomb (SR)   Coul. recip.
    7.23566e+04    1.05803e+05   -3.30925e+03   -1.07983e+06    9.95087e+02
 Position Rest.      Potential    Kinetic En.   Total Energy  Conserved En.
    1.46782e+03   -8.57950e+05    1.78065e+05   -6.79884e+05   -8.86078e+05
    Temperature Pres. DC (bar) Pressure (bar)   Constr. rmsd
    3.08510e+02   -8.06068e+01    1.51244e+02    3.76079e-06


DD  step 11999 load imb.: force  4.9%
           Step           Time
          12000       24.00000

   Energies (kJ/mol)
           Bond          Angle    Proper Dih. Per. Imp. Dih.          LJ-14
    5.50034e+03    1.35330e+04    1.81448e+04    9.06931e+02    6.28664e+03
     Coulomb-14        LJ (SR)  Disper. corr.   Coulomb (SR)   Coul. recip.
    7.22593e+04    1.04680e+05   -3.30925e+03   -1.07835e+06    9.55787e+02
 Position Rest.      Potential    Kinetic En.   Total Energy  Conserved En.
    1.65672e+03   -8.57732e+05    1.77968e+05   -6.79764e+05   -8.86059e+05
    Temperature Pres. DC (bar) Pressure (bar)   Constr. rmsd
    3.08342e+02   -8.06068e+01    2.90557e+02    3.91563e-06


DD  step 12999 load imb.: force  5.0%
           Step           Time
          13000       26.00000

   Energies (kJ/mol)
           Bond          Angle    Proper Dih. Per. Imp. Dih.          LJ-14
    5.28339e+03    1.37474e+04    1.80167e+04    8.45261e+02    6.36638e+03
     Coulomb-14        LJ (SR)  Disper. corr.   Coulomb (SR)   Coul. recip.
    7.23473e+04    1.05177e+05   -3.30925e+03   -1.07826e+06    9.83897e+02
 Position Rest.      Potential    Kinetic En.   Total Energy  Conserved En.
    1.58362e+03   -8.57222e+05    1.77581e+05   -6.79642e+05   -8.86069e+05
    Temperature Pres. DC (bar) Pressure (bar)   Constr. rmsd
    3.07671e+02   -8.06068e+01   -9.59068e+01    3.59069e-06


DD  step 13999 load imb.: force  0.2%
           Step           Time
          14000       28.00000

   Energies (kJ/mol)
           Bond          Angle    Proper Dih. Per. Imp. Dih.          LJ-14
    5.21022e+03    1.36500e+04    1.79962e+04    8.46409e+02    6.23092e+03
     Coulomb-14        LJ (SR)  Disper. corr.   Coulomb (SR)   Coul. recip.
    7.19488e+04    1.03752e+05   -3.30925e+03   -1.07647e+06    9.64672e+02
 Position Rest.      Potential    Kinetic En.   Total Energy  Conserved En.
    1.57299e+03   -8.57604e+05    1.77849e+05   -6.79755e+05   -8.86070e+05
    Temperature Pres. DC (bar) Pressure (bar)   Constr. rmsd
    3.08136e+02   -8.06068e+01   -8.40481e+01    3.91543e-06


DD  step 14999 load imb.: force  0.2%
           Step           Time
          15000       30.00000

   Energies (kJ/mol)
           Bond          Angle    Proper Dih. Per. Imp. Dih.          LJ-14
    5.36275e+03    1.35913e+04    1.82836e+04    8.84281e+02    6.45468e+03
     Coulomb-14        LJ (SR)  Disper. corr.   Coulomb (SR)   Coul. recip.
    7.21711e+04    1.04015e+05   -3.30925e+03   -1.07734e+06    9.43965e+02
 Position Rest.      Potential    Kinetic En.   Total Energy  Conserved En.
    1.50943e+03   -8.57429e+05    1.78457e+05   -6.78972e+05   -8.86037e+05
    Temperature Pres. DC (bar) Pressure (bar)   Constr. rmsd
    3.09188e+02   -8.06068e+01   -7.42688e+01    3.79539e-06


DD  step 15999 load imb.: force  2.5%
           Step           Time
          16000       32.00000

   Energies (kJ/mol)
           Bond          Angle    Proper Dih. Per. Imp. Dih.          LJ-14
    5.43802e+03    1.34956e+04    1.81034e+04    8.05672e+02    6.30870e+03
     Coulomb-14        LJ (SR)  Disper. corr.   Coulomb (SR)   Coul. recip.
    7.24868e+04    1.04304e+05   -3.30925e+03   -1.07811e+06    9.49130e+02
 Position Rest.      Potential    Kinetic En.   Total Energy  Conserved En.
    1.64597e+03   -8.57881e+05    1.78310e+05   -6.79572e+05   -8.86059e+05
    Temperature Pres. DC (bar) Pressure (bar)   Constr. rmsd
    3.08934e+02   -8.06068e+01   -1.49539e+02    3.60940e-06


DD  step 16999 load imb.: force  0.0%
           Step           Time
          17000       34.00000

   Energies (kJ/mol)
           Bond          Angle    Proper Dih. Per. Imp. Dih.          LJ-14
    5.43318e+03    1.33741e+04    1.79860e+04    8.82154e+02    6.34573e+03
     Coulomb-14        LJ (SR)  Disper. corr.   Coulomb (SR)   Coul. recip.
    7.23471e+04    1.04812e+05   -3.30925e+03   -1.07648e+06    9.37515e+02
 Position Rest.      Potential    Kinetic En.   Total Energy  Conserved En.
    1.66407e+03   -8.56012e+05    1.78016e+05   -6.77996e+05   -8.86043e+05
    Temperature Pres. DC (bar) Pressure (bar)   Constr. rmsd
    3.08425e+02   -8.06068e+01    1.66660e+02    3.62800e-06


DD  step 17999 load imb.: force  0.7%
           Step           Time
          18000       36.00000

   Energies (kJ/mol)
           Bond          Angle    Proper Dih. Per. Imp. Dih.          LJ-14
    5.39391e+03    1.35139e+04    1.80723e+04    9.06075e+02    6.26493e+03
     Coulomb-14        LJ (SR)  Disper. corr.   Coulomb (SR)   Coul. recip.
    7.20508e+04    1.03813e+05   -3.30925e+03   -1.07675e+06    9.52476e+02
 Position Rest.      Potential    Kinetic En.   Total Energy  Conserved En.
    1.63637e+03   -8.57454e+05    1.78171e+05   -6.79284e+05   -8.86009e+05
    Temperature Pres. DC (bar) Pressure (bar)   Constr. rmsd
    3.08694e+02   -8.06068e+01    2.96350e+02    3.70583e-06


DD  step 18999 load imb.: force  0.1%
           Step           Time
          19000       38.00000

   Energies (kJ/mol)
           Bond          Angle    Proper Dih. Per. Imp. Dih.          LJ-14
    5.32086e+03    1.35555e+04    1.82411e+04    8.84178e+02    6.39104e+03
     Coulomb-14        LJ (SR)  Disper. corr.   Coulomb (SR)   Coul. recip.
    7.21596e+04    1.05354e+05   -3.30925e+03   -1.07796e+06    9.11560e+02
 Position Rest.      Potential    Kinetic En.   Total Energy  Conserved En.
    1.59429e+03   -8.56857e+05    1.76424e+05   -6.80433e+05   -8.85977e+05
    Temperature Pres. DC (bar) Pressure (bar)   Constr. rmsd
    3.05668e+02   -8.06068e+01    1.26342e+02    3.71086e-06


DD  step 19999 load imb.: force  0.4%
           Step           Time
          20000       40.00000

   Energies (kJ/mol)
           Bond          Angle    Proper Dih. Per. Imp. Dih.          LJ-14
    4.98837e+03    1.34955e+04    1.80489e+04    8.39002e+02    6.42137e+03
     Coulomb-14        LJ (SR)  Disper. corr.   Coulomb (SR)   Coul. recip.
    7.25125e+04    1.05582e+05   -3.30925e+03   -1.08058e+06    9.84123e+02
 Position Rest.      Potential    Kinetic En.   Total Energy  Conserved En.
    1.71103e+03   -8.59304e+05    1.78529e+05   -6.80774e+05   -8.86004e+05
    Temperature Pres. DC (bar) Pressure (bar)   Constr. rmsd
    3.09314e+02   -8.06068e+01    3.78151e+01    3.76478e-06


DD  step 20999 load imb.: force  0.9%
           Step           Time
          21000       42.00000

   Energies (kJ/mol)
           Bond          Angle    Proper Dih. Per. Imp. Dih.          LJ-14
    5.20980e+03    1.36164e+04    1.79360e+04    9.31276e+02    6.36332e+03
     Coulomb-14        LJ (SR)  Disper. corr.   Coulomb (SR)   Coul. recip.
    7.21187e+04    1.06695e+05   -3.30925e+03   -1.08038e+06    9.39504e+02
 Position Rest.      Potential    Kinetic En.   Total Energy  Conserved En.
    1.54329e+03   -8.58339e+05    1.76643e+05   -6.81696e+05   -8.85987e+05
    Temperature Pres. DC (bar) Pressure (bar)   Constr. rmsd
    3.06047e+02   -8.06068e+01    5.11283e+02    3.83533e-06


DD  step 21999 load imb.: force  2.1%
           Step           Time
          22000       44.00000

   Energies (kJ/mol)
           Bond          Angle    Proper Dih. Per. Imp. Dih.          LJ-14
    5.42885e+03    1.36977e+04    1.79753e+04    8.95031e+02    6.35988e+03
     Coulomb-14        LJ (SR)  Disper. corr.   Coulomb (SR)   Coul. recip.
    7.18734e+04    1.04788e+05   -3.30925e+03   -1.07764e+06    9.77195e+02
 Position Rest.      Potential    Kinetic En.   Total Energy  Conserved En.
    1.56580e+03   -8.57388e+05    1.78417e+05   -6.78971e+05   -8.85979e+05
    Temperature Pres. DC (bar) Pressure (bar)   Constr. rmsd
    3.09120e+02   -8.06068e+01    4.53901e+02    3.89852e-06


DD  step 22999 load imb.: force  0.4%
           Step           Time
          23000       46.00000

   Energies (kJ/mol)
           Bond          Angle    Proper Dih. Per. Imp. Dih.          LJ-14
    5.63329e+03    1.38216e+04    1.80954e+04    9.29394e+02    6.22392e+03
     Coulomb-14        LJ (SR)  Disper. corr.   Coulomb (SR)   Coul. recip.
    7.20438e+04    1.04662e+05   -3.30925e+03   -1.07828e+06    9.87774e+02
 Position Rest.      Potential    Kinetic En.   Total Energy  Conserved En.
    1.56207e+03   -8.57626e+05    1.77599e+05   -6.80026e+05   -8.85942e+05
    Temperature Pres. DC (bar) Pressure (bar)   Constr. rmsd
    3.07703e+02   -8.06068e+01   -2.17357e+01    3.81875e-06


DD  step 23999 load imb.: force  2.2%
           Step           Time
          24000       48.00000

   Energies (kJ/mol)
           Bond          Angle    Proper Dih. Per. Imp. Dih.          LJ-14
    5.68634e+03    1.39309e+04    1.81645e+04    8.46803e+02    6.42381e+03
     Coulomb-14        LJ (SR)  Disper. corr.   Coulomb (SR)   Coul. recip.
    7.23618e+04    1.03865e+05   -3.30925e+03   -1.07749e+06    9.86500e+02
 Position Rest.      Potential    Kinetic En.   Total Energy  Conserved En.
    1.59457e+03   -8.56943e+05    1.77265e+05   -6.79678e+05   -8.85898e+05
    Temperature Pres. DC (bar) Pressure (bar)   Constr. rmsd
    3.07124e+02   -8.06068e+01   -7.01947e+01    3.70096e-06


DD  step 24999 load imb.: force  3.5%
           Step           Time
          25000       50.00000

   Energies (kJ/mol)
           Bond          Angle    Proper Dih. Per. Imp. Dih.          LJ-14
    5.50657e+03    1.36726e+04    1.81970e+04    7.96238e+02    6.30076e+03
     Coulomb-14        LJ (SR)  Disper. corr.   Coulomb (SR)   Coul. recip.
    7.18956e+04    1.04441e+05   -3.30925e+03   -1.07750e+06    9.77093e+02
 Position Rest.      Potential    Kinetic En.   Total Energy  Conserved En.
    1.47023e+03   -8.57557e+05    1.78842e+05   -6.78714e+05   -8.85962e+05
    Temperature Pres. DC (bar) Pressure (bar)   Constr. rmsd
    3.09856e+02   -8.06068e+01    2.04154e+02    3.79527e-06


DD  step 25999 load imb.: force  1.7%
           Step           Time
          26000       52.00000

   Energies (kJ/mol)
           Bond          Angle    Proper Dih. Per. Imp. Dih.          LJ-14
    5.36166e+03    1.37157e+04    1.79480e+04    8.58624e+02    6.32946e+03
     Coulomb-14        LJ (SR)  Disper. corr.   Coulomb (SR)   Coul. recip.
    7.20662e+04    1.05173e+05   -3.30925e+03   -1.07896e+06    9.43029e+02
 Position Rest.      Potential    Kinetic En.   Total Energy  Conserved En.
    1.50081e+03   -8.58377e+05    1.76999e+05   -6.81378e+05   -8.85908e+05
    Temperature Pres. DC (bar) Pressure (bar)   Constr. rmsd
    3.06664e+02   -8.06068e+01    2.68288e+01    3.75470e-06


DD  step 26999 load imb.: force  2.5%
           Step           Time
          27000       54.00000

   Energies (kJ/mol)
           Bond          Angle    Proper Dih. Per. Imp. Dih.          LJ-14
    5.44174e+03    1.37862e+04    1.80068e+04    7.88632e+02    6.30675e+03
     Coulomb-14        LJ (SR)  Disper. corr.   Coulomb (SR)   Coul. recip.
    7.21254e+04    1.06006e+05   -3.30925e+03   -1.08059e+06    9.42669e+02
 Position Rest.      Potential    Kinetic En.   Total Energy  Conserved En.
    1.59080e+03   -8.58909e+05    1.77326e+05   -6.81583e+05   -8.85935e+05
    Temperature Pres. DC (bar) Pressure (bar)   Constr. rmsd
    3.07229e+02   -8.06068e+01    2.56455e+02    3.86653e-06


DD  step 27999 load imb.: force  0.2%
           Step           Time
          28000       56.00000

   Energies (kJ/mol)
           Bond          Angle    Proper Dih. Per. Imp. Dih.          LJ-14
    5.37756e+03    1.41355e+04    1.80791e+04    8.47065e+02    6.21225e+03
     Coulomb-14        LJ (SR)  Disper. corr.   Coulomb (SR)   Coul. recip.
    7.19938e+04    1.02722e+05   -3.30925e+03   -1.07617e+06    9.01842e+02
 Position Rest.      Potential    Kinetic En.   Total Energy  Conserved En.
    1.56231e+03   -8.57648e+05    1.77803e+05   -6.79845e+05   -8.85940e+05
    Temperature Pres. DC (bar) Pressure (bar)   Constr. rmsd
    3.08056e+02   -8.06068e+01   -1.02806e+02    4.02774e-06


DD  step 28999 load imb.: force  1.2%
           Step           Time
          29000       58.00000

   Energies (kJ/mol)
           Bond          Angle    Proper Dih. Per. Imp. Dih.          LJ-14
    5.73450e+03    1.36284e+04    1.81151e+04    9.11276e+02    6.36384e+03
     Coulomb-14        LJ (SR)  Disper. corr.   Coulomb (SR)   Coul. recip.
    7.21143e+04    1.04831e+05   -3.30925e+03   -1.07781e+06    9.18518e+02
 Position Rest.      Potential    Kinetic En.   Total Energy  Conserved En.
    1.57449e+03   -8.56931e+05    1.77860e+05   -6.79071e+05   -8.85890e+05
    Temperature Pres. DC (bar) Pressure (bar)   Constr. rmsd
    3.08155e+02   -8.06068e+01    2.05872e+02    3.71489e-06


DD  step 29999 load imb.: force  0.4%
           Step           Time
          30000       60.00000

   Energies (kJ/mol)
           Bond          Angle    Proper Dih. Per. Imp. Dih.          LJ-14
    5.22006e+03    1.39524e+04    1.81307e+04    9.05352e+02    6.18773e+03
     Coulomb-14        LJ (SR)  Disper. corr.   Coulomb (SR)   Coul. recip.
    7.22950e+04    1.07243e+05   -3.30925e+03   -1.08048e+06    9.70312e+02
 Position Rest.      Potential    Kinetic En.   Total Energy  Conserved En.
    1.54668e+03   -8.57337e+05    1.76412e+05   -6.80925e+05   -8.85883e+05
    Temperature Pres. DC (bar) Pressure (bar)   Constr. rmsd
    3.05646e+02   -8.06068e+01    5.88200e+01    3.60745e-06


DD  step 30999 load imb.: force  1.2%
           Step           Time
          31000       62.00000

   Energies (kJ/mol)
           Bond          Angle    Proper Dih. Per. Imp. Dih.          LJ-14
    5.36058e+03    1.36735e+04    1.79698e+04    8.43620e+02    6.26424e+03
     Coulomb-14        LJ (SR)  Disper. corr.   Coulomb (SR)   Coul. recip.
    7.22087e+04    1.05478e+05   -3.30925e+03   -1.07949e+06    9.77599e+02
 Position Rest.      Potential    Kinetic En.   Total Energy  Conserved En.
    1.64448e+03   -8.58376e+05    1.77798e+05   -6.80578e+05   -8.85925e+05
    Temperature Pres. DC (bar) Pressure (bar)   Constr. rmsd
    3.08048e+02   -8.06068e+01   -8.55011e+00    3.71204e-06


DD  step 31999 load imb.: force  1.8%
           Step           Time
          32000       64.00000

   Energies (kJ/mol)
           Bond          Angle    Proper Dih. Per. Imp. Dih.          LJ-14
    5.34082e+03    1.37102e+04    1.81651e+04    8.07580e+02    6.23521e+03
     Coulomb-14        LJ (SR)  Disper. corr.   Coulomb (SR)   Coul. recip.
    7.22394e+04    1.05601e+05   -3.30925e+03   -1.07842e+06    9.86189e+02
 Position Rest.      Potential    Kinetic En.   Total Energy  Conserved En.
    1.51393e+03   -8.57135e+05    1.77155e+05   -6.79980e+05   -8.85878e+05
    Temperature Pres. DC (bar) Pressure (bar)   Constr. rmsd
    3.06933e+02   -8.06068e+01    7.95001e+01    3.70643e-06


DD  step 32999 load imb.: force  3.8%
           Step           Time
          33000       66.00000

   Energies (kJ/mol)
           Bond          Angle    Proper Dih. Per. Imp. Dih.          LJ-14
    5.45986e+03    1.32783e+04    1.79904e+04    8.91742e+02    6.29283e+03
     Coulomb-14        LJ (SR)  Disper. corr.   Coulomb (SR)   Coul. recip.
    7.22851e+04    1.05374e+05   -3.30925e+03   -1.07814e+06    9.57706e+02
 Position Rest.      Potential    Kinetic En.   Total Energy  Conserved En.
    1.53416e+03   -8.57387e+05    1.76640e+05   -6.80747e+05   -8.85883e+05
    Temperature Pres. DC (bar) Pressure (bar)   Constr. rmsd
    3.06040e+02   -8.06068e+01   -1.76568e+02    3.82785e-06


DD  step 33999 load imb.: force  5.9%
           Step           Time
          34000       68.00000

   Energies (kJ/mol)
           Bond          Angle    Proper Dih. Per. Imp. Dih.          LJ-14
    5.57108e+03    1.32390e+04    1.81206e+04    9.29086e+02    6.33709e+03
     Coulomb-14        LJ (SR)  Disper. corr.   Coulomb (SR)   Coul. recip.
    7.23187e+04    1.04850e+05   -3.30925e+03   -1.07812e+06    9.86543e+02
 Position Rest.      Potential    Kinetic En.   Total Energy  Conserved En.
    1.50627e+03   -8.57569e+05    1.77521e+05   -6.80048e+05   -8.85883e+05
    Temperature Pres. DC (bar) Pressure (bar)   Constr. rmsd
    3.07568e+02   -8.06068e+01    1.46113e+02    3.82649e-06


DD  step 34999 load imb.: force  0.4%
           Step           Time
          35000       70.00000

   Energies (kJ/mol)
           Bond          Angle    Proper Dih. Per. Imp. Dih.          LJ-14
    5.49320e+03    1.34814e+04    1.80185e+04    8.64206e+02    6.24872e+03
     Coulomb-14        LJ (SR)  Disper. corr.   Coulomb (SR)   Coul. recip.
    7.19446e+04    1.04368e+05   -3.30925e+03   -1.07836e+06    9.41769e+02
 Position Rest.      Potential    Kinetic En.   Total Energy  Conserved En.
    1.58226e+03   -8.58722e+05    1.78185e+05   -6.80537e+05   -8.85878e+05
    Temperature Pres. DC (bar) Pressure (bar)   Constr. rmsd
    3.08718e+02   -8.06068e+01   -2.84930e+02    3.89029e-06


DD  step 35999 load imb.: force  1.1%
           Step           Time
          36000       72.00000

   Energies (kJ/mol)
           Bond          Angle    Proper Dih. Per. Imp. Dih.          LJ-14
    5.50947e+03    1.35658e+04    1.81729e+04    9.02622e+02    6.42325e+03
     Coulomb-14        LJ (SR)  Disper. corr.   Coulomb (SR)   Coul. recip.
    7.23217e+04    1.05626e+05   -3.30925e+03   -1.07995e+06    1.00350e+03
 Position Rest.      Potential    Kinetic En.   Total Energy  Conserved En.
    1.54549e+03   -8.58187e+05    1.77824e+05   -6.80363e+05   -8.85823e+05
    Temperature Pres. DC (bar) Pressure (bar)   Constr. rmsd
    3.08092e+02   -8.06068e+01    6.19710e+01    3.64293e-06


DD  step 36999 load imb.: force  2.3%
           Step           Time
          37000       74.00000

   Energies (kJ/mol)
           Bond          Angle    Proper Dih. Per. Imp. Dih.          LJ-14
    5.13665e+03    1.38682e+04    1.79951e+04    8.83738e+02    6.40925e+03
     Coulomb-14        LJ (SR)  Disper. corr.   Coulomb (SR)   Coul. recip.
    7.22764e+04    1.05348e+05   -3.30925e+03   -1.07943e+06    9.89194e+02
 Position Rest.      Potential    Kinetic En.   Total Energy  Conserved En.
    1.62106e+03   -8.58214e+05    1.77770e+05   -6.80445e+05   -8.85863e+05
    Temperature Pres. DC (bar) Pressure (bar)   Constr. rmsd
    3.07998e+02   -8.06068e+01    7.05758e+01    3.58916e-06


DD  step 37999 load imb.: force  2.8%
           Step           Time
          38000       76.00000

   Energies (kJ/mol)
           Bond          Angle    Proper Dih. Per. Imp. Dih.          LJ-14
    5.30977e+03    1.34750e+04    1.80624e+04    8.93841e+02    6.38199e+03
     Coulomb-14        LJ (SR)  Disper. corr.   Coulomb (SR)   Coul. recip.
    7.21868e+04    1.03586e+05   -3.30925e+03   -1.07694e+06    8.80889e+02
 Position Rest.      Potential    Kinetic En.   Total Energy  Conserved En.
    1.49498e+03   -8.57979e+05    1.78102e+05   -6.79876e+05   -8.85859e+05
    Temperature Pres. DC (bar) Pressure (bar)   Constr. rmsd
    3.08574e+02   -8.06068e+01    2.46880e+02    3.74468e-06


DD  step 38999 load imb.: force  3.0%
           Step           Time
          39000       78.00000

   Energies (kJ/mol)
           Bond          Angle    Proper Dih. Per. Imp. Dih.          LJ-14
    5.60108e+03    1.38600e+04    1.82542e+04    9.24333e+02    6.29609e+03
     Coulomb-14        LJ (SR)  Disper. corr.   Coulomb (SR)   Coul. recip.
    7.22280e+04    1.04891e+05   -3.30925e+03   -1.07858e+06    9.48838e+02
 Position Rest.      Potential    Kinetic En.   Total Energy  Conserved En.
    1.60566e+03   -8.57278e+05    1.78487e+05   -6.78790e+05   -8.85794e+05
    Temperature Pres. DC (bar) Pressure (bar)   Constr. rmsd
    3.09241e+02   -8.06068e+01   -2.53939e+02    3.67112e-06


DD  step 39999 load imb.: force  2.0%
           Step           Time
          40000       80.00000

   Energies (kJ/mol)
           Bond          Angle    Proper Dih. Per. Imp. Dih.          LJ-14
    5.40192e+03    1.35191e+04    1.79453e+04    9.08671e+02    6.29399e+03
     Coulomb-14        LJ (SR)  Disper. corr.   Coulomb (SR)   Coul. recip.
    7.26024e+04    1.05937e+05   -3.30925e+03   -1.07814e+06    9.24946e+02
 Position Rest.      Potential    Kinetic En.   Total Energy  Conserved En.
    1.58552e+03   -8.56326e+05    1.77557e+05   -6.78769e+05   -8.85819e+05
    Temperature Pres. DC (bar) Pressure (bar)   Constr. rmsd
    3.07629e+02   -8.06068e+01    5.67735e+02    3.78329e-06


DD  step 40999 load imb.: force  0.4%
           Step           Time
          41000       82.00000

   Energies (kJ/mol)
           Bond          Angle    Proper Dih. Per. Imp. Dih.          LJ-14
    5.42967e+03    1.36381e+04    1.80663e+04    9.18343e+02    6.34143e+03
     Coulomb-14        LJ (SR)  Disper. corr.   Coulomb (SR)   Coul. recip.
    7.22311e+04    1.05312e+05   -3.30925e+03   -1.07748e+06    9.59789e+02
 Position Rest.      Potential    Kinetic En.   Total Energy  Conserved En.
    1.55312e+03   -8.56338e+05    1.77871e+05   -6.78467e+05   -8.85786e+05
    Temperature Pres. DC (bar) Pressure (bar)   Constr. rmsd
    3.08174e+02   -8.06068e+01    3.73912e+02    4.05191e-06


DD  step 41999 load imb.: force  0.4%
           Step           Time
          42000       84.00000

   Energies (kJ/mol)
           Bond          Angle    Proper Dih. Per. Imp. Dih.          LJ-14
    5.31852e+03    1.35562e+04    1.79502e+04    8.62461e+02    6.34958e+03
     Coulomb-14        LJ (SR)  Disper. corr.   Coulomb (SR)   Coul. recip.
    7.20290e+04    1.04269e+05   -3.30925e+03   -1.07802e+06    9.79792e+02
 Position Rest.      Potential    Kinetic En.   Total Energy  Conserved En.
    1.60221e+03   -8.58410e+05    1.78181e+05   -6.80229e+05   -8.85827e+05
    Temperature Pres. DC (bar) Pressure (bar)   Constr. rmsd
    3.08711e+02   -8.06068e+01    4.11233e+02    3.74164e-06


DD  step 42999 load imb.: force  0.0%
           Step           Time
          43000       86.00000

   Energies (kJ/mol)
           Bond          Angle    Proper Dih. Per. Imp. Dih.          LJ-14
    5.34389e+03    1.33557e+04    1.80406e+04    8.83194e+02    6.46334e+03
     Coulomb-14        LJ (SR)  Disper. corr.   Coulomb (SR)   Coul. recip.
    7.23329e+04    1.04763e+05   -3.30925e+03   -1.07819e+06    9.68118e+02
 Position Rest.      Potential    Kinetic En.   Total Energy  Conserved En.
    1.61292e+03   -8.57739e+05    1.77227e+05   -6.80512e+05   -8.85809e+05
    Temperature Pres. DC (bar) Pressure (bar)   Constr. rmsd
    3.07058e+02   -8.06068e+01   -1.78845e+02    3.62906e-06


DD  step 43999 load imb.: force  2.8%
           Step           Time
          44000       88.00000

   Energies (kJ/mol)
           Bond          Angle    Proper Dih. Per. Imp. Dih.          LJ-14
    5.16727e+03    1.36472e+04    1.81594e+04    8.55240e+02    6.26968e+03
     Coulomb-14        LJ (SR)  Disper. corr.   Coulomb (SR)   Coul. recip.
    7.21466e+04    1.05353e+05   -3.30925e+03   -1.07995e+06    9.74807e+02
 Position Rest.      Potential    Kinetic En.   Total Energy  Conserved En.
    1.56735e+03   -8.59118e+05    1.77005e+05   -6.82114e+05   -8.85797e+05
    Temperature Pres. DC (bar) Pressure (bar)   Constr. rmsd
    3.06673e+02   -8.06068e+01   -1.64704e+02    3.74270e-06


DD  step 44999 load imb.: force  3.2%
           Step           Time
          45000       90.00000

   Energies (kJ/mol)
           Bond          Angle    Proper Dih. Per. Imp. Dih.          LJ-14
    5.43521e+03    1.34979e+04    1.80673e+04    8.45304e+02    6.42184e+03
     Coulomb-14        LJ (SR)  Disper. corr.   Coulomb (SR)   Coul. recip.
    7.26206e+04    1.06454e+05   -3.30925e+03   -1.08050e+06    9.82122e+02
 Position Rest.      Potential    Kinetic En.   Total Energy  Conserved En.
    1.67777e+03   -8.57808e+05    1.78845e+05   -6.78963e+05   -8.85770e+05
    Temperature Pres. DC (bar) Pressure (bar)   Constr. rmsd
    3.09862e+02   -8.06068e+01   -9.99082e+01    3.74656e-06


DD  step 45999 load imb.: force  3.5%
           Step           Time
          46000       92.00000

   Energies (kJ/mol)
           Bond          Angle    Proper Dih. Per. Imp. Dih.          LJ-14
    5.54431e+03    1.32707e+04    1.80169e+04    8.62811e+02    6.36162e+03
     Coulomb-14        LJ (SR)  Disper. corr.   Coulomb (SR)   Coul. recip.
    7.22305e+04    1.05668e+05   -3.30925e+03   -1.07914e+06    9.51646e+02
 Position Rest.      Potential    Kinetic En.   Total Energy  Conserved En.
    1.61417e+03   -8.57927e+05    1.77844e+05   -6.80082e+05   -8.85772e+05
    Temperature Pres. DC (bar) Pressure (bar)   Constr. rmsd
    3.08128e+02   -8.06068e+01   -2.72723e+01    3.69669e-06


DD  step 46999 load imb.: force  3.2%
           Step           Time
          47000       94.00000

   Energies (kJ/mol)
           Bond          Angle    Proper Dih. Per. Imp. Dih.          LJ-14
    5.47425e+03    1.31927e+04    1.80170e+04    9.47026e+02    6.38752e+03
     Coulomb-14        LJ (SR)  Disper. corr.   Coulomb (SR)   Coul. recip.
    7.21039e+04    1.03486e+05   -3.30925e+03   -1.07681e+06    9.33721e+02
 Position Rest.      Potential    Kinetic En.   Total Energy  Conserved En.
    1.57268e+03   -8.58002e+05    1.76726e+05   -6.81276e+05   -8.85769e+05
    Temperature Pres. DC (bar) Pressure (bar)   Constr. rmsd
    3.06189e+02   -8.06068e+01    1.82376e+02    3.65496e-06


DD  step 47999 load imb.: force  1.5%
           Step           Time
          48000       96.00000

   Energies (kJ/mol)
           Bond          Angle    Proper Dih. Per. Imp. Dih.          LJ-14
    5.31325e+03    1.34026e+04    1.79765e+04    9.39061e+02    6.26468e+03
     Coulomb-14        LJ (SR)  Disper. corr.   Coulomb (SR)   Coul. recip.
    7.24224e+04    1.03825e+05   -3.30925e+03   -1.07624e+06    9.28745e+02
 Position Rest.      Potential    Kinetic En.   Total Energy  Conserved En.
    1.57903e+03   -8.56895e+05    1.78906e+05   -6.77989e+05   -8.85778e+05
    Temperature Pres. DC (bar) Pressure (bar)   Constr. rmsd
    3.09967e+02   -8.06068e+01   -1.73573e+02    3.61978e-06


DD  step 48999 load imb.: force  3.4%
           Step           Time
          49000       98.00000

   Energies (kJ/mol)
           Bond          Angle    Proper Dih. Per. Imp. Dih.          LJ-14
    5.28341e+03    1.39688e+04    1.78720e+04    8.19196e+02    6.36511e+03
     Coulomb-14        LJ (SR)  Disper. corr.   Coulomb (SR)   Coul. recip.
    7.21877e+04    1.04486e+05   -3.30925e+03   -1.07906e+06    9.19606e+02
 Position Rest.      Potential    Kinetic En.   Total Energy  Conserved En.
    1.59790e+03   -8.58870e+05    1.77651e+05   -6.81219e+05   -8.85710e+05
    Temperature Pres. DC (bar) Pressure (bar)   Constr. rmsd
    3.07792e+02   -8.06068e+01    1.01100e+02    3.75330e-06


DD  step 49999 load imb.: force  0.5%
           Step           Time
          50000      100.00000

Writing checkpoint, step 50000 at Tue Aug  6 19:17:17 2024


   Energies (kJ/mol)
           Bond          Angle    Proper Dih. Per. Imp. Dih.          LJ-14
    5.27460e+03    1.35093e+04    1.81223e+04    9.38282e+02    6.23700e+03
     Coulomb-14        LJ (SR)  Disper. corr.   Coulomb (SR)   Coul. recip.
    7.21509e+04    1.03752e+05   -3.30925e+03   -1.07685e+06    9.99224e+02
 Position Rest.      Potential    Kinetic En.   Total Energy  Conserved En.
    1.62447e+03   -8.57554e+05    1.77615e+05   -6.79939e+05   -8.85789e+05
    Temperature Pres. DC (bar) Pressure (bar)   Constr. rmsd
    3.07731e+02   -8.06068e+01   -3.16626e+02    3.67073e-06


Energy conservation over simulation part #1 of length 100 ps, time 0 to 100 ps
  Conserved energy drift: 3.17e-04 kJ/mol/ps per atom


	<======  ###############  ==>
	<====  A V E R A G E S  ====>
	<==  ###############  ======>

	Statistics over 50001 steps using 501 frames

   Energies (kJ/mol)
           Bond          Angle    Proper Dih. Per. Imp. Dih.          LJ-14
    5.43888e+03    1.37147e+04    1.80924e+04    8.84818e+02    6.33534e+03
     Coulomb-14        LJ (SR)  Disper. corr.   Coulomb (SR)   Coul. recip.
    7.21552e+04    1.05003e+05   -3.30925e+03   -1.07933e+06    1.00323e+03
 Position Rest.      Potential    Kinetic En.   Total Energy  Conserved En.
    1.57018e+03   -8.58445e+05    1.77631e+05   -6.80813e+05   -8.85949e+05
    Temperature Pres. DC (bar) Pressure (bar)   Constr. rmsd
    3.07758e+02   -8.06068e+01    8.28411e+00    0.00000e+00

   Total Virial (kJ/mol)
    6.01390e+04   -4.51825e+02    7.63865e+01
   -4.50354e+02    5.66993e+04   -3.15707e+02
    7.68287e+01   -3.15978e+02    6.02826e+04

   Pressure (bar)
   -4.43303e+01    2.03798e+01   -6.04232e+00
    2.03082e+01    1.20425e+02    1.56643e+01
   -6.06385e+00    1.56775e+01   -5.12427e+01


       P P   -   P M E   L O A D   B A L A N C I N G

 PP/PME load balancing changed the cut-off and PME settings:
           particle-particle                    PME
            rcoulomb  rlist            grid      spacing   1/beta
   initial  1.400 nm  1.401 nm      64  64  64   0.154 nm  0.448 nm
   final    1.801 nm  1.802 nm      48  48  48   0.206 nm  0.577 nm
 cost-ratio           2.13             0.42
 (note that these numbers concern only part of the total PP and PME load)


	M E G A - F L O P S   A C C O U N T I N G

 NB=Group-cutoff nonbonded kernels    NxN=N-by-N cluster Verlet kernels
 RF=Reaction-Field  VdW=Van der Waals  QSTab=quadratic-spline table
 W3=SPC/TIP3p  W4=TIP4p (single or pairs)
 V&F=Potential and force  V=Potential only  F=Force only

 Computing:                               M-Number         M-Flops  % Flops
-----------------------------------------------------------------------------
 Pair Search distance check            8470.768608       76236.917     0.0
 NxN Ewald Elec. + LJ [F]          10031732.352576   662094335.270    97.8
 NxN Ewald Elec. + LJ [V&F]          101535.969600    10864348.747     1.6
 Calc Weights                         10158.203160      365695.314     0.1
 Spread Q Bspline                    216708.334080      433416.668     0.1
 Gather F Bspline                    216708.334080     1300250.004     0.2
 3D-FFT                              196791.433912     1574331.471     0.2
 Solve PME                              118.734304        7598.995     0.0
 Reset In Box                            33.927720         101.783     0.0
 CG-CoM                                  33.995440         101.986     0.0
 Pos. Restr.                            169.953399        8497.670     0.0
 Virial                                  33.972810         611.511     0.0
 Stop-CM                                338.735440        3387.354     0.0
 Calc-Ekin                              677.335440       18288.057     0.0
 Lincs                                  163.209792        9792.588     0.0
 Lincs-Mat                              813.048780        3252.195     0.0
 Constraint-V                          3379.335168       30414.017     0.0
 Constraint-Vir                          32.224320         773.384     0.0
 Settle                                1017.661056      376534.591     0.1
-----------------------------------------------------------------------------
 Total                                               677167968.523   100.0
-----------------------------------------------------------------------------


    D O M A I N   D E C O M P O S I T I O N   S T A T I S T I C S

 av. #atoms communicated per step for force:  2 x 30581.7


Dynamic load balancing report:
 DLB was off during the run due to low measured imbalance.
 Average load imbalance: 2.1%.
 The balanceable part of the MD step is 54%, load imbalance is computed from this.
 Part of the total run time spent waiting due to load imbalance: 1.1%.


     R E A L   C Y C L E   A N D   T I M E   A C C O U N T I N G

On 2 MPI ranks, each using 4 OpenMP threads

 Computing:          Num   Num      Call    Wall time         Giga-Cycles
                     Ranks Threads  Count      (s)         total sum    %
-----------------------------------------------------------------------------
 Domain decomp.         2    4        501       6.882        137.319   3.1
 DD comm. load          2    4        456       0.039          0.770   0.0
 Neighbor search        2    4        501       8.536        170.323   3.8
 Launch GPU ops.        2    4     100002       5.450        108.735   2.4
 Comm. coord.           2    4      49500       6.403        127.762   2.9
 Force                  2    4      50001       8.273        165.071   3.7
 Wait + Comm. F         2    4      50001       7.019        140.044   3.1
 PME mesh               2    4      50001     148.090       2954.764  66.1
 Wait Bonded GPU        2    4        501       0.001          0.023   0.0
 Wait GPU NB nonloc.    2    4      50001       3.327         66.376   1.5
 Wait GPU NB local      2    4      50001       1.699         33.909   0.8
 NB X/F buffer ops.     2    4     199002       8.570        170.998   3.8
 Write traj.            2    4         26       0.486          9.688   0.2
 Update                 2    4      50001       3.117         62.200   1.4
 Constraints            2    4      50003       8.899        177.562   4.0
 Comm. energies         2    4       5001       0.743         14.818   0.3
 Rest                                           6.539        130.464   2.9
-----------------------------------------------------------------------------
 Total                                        224.073       4470.826 100.0
-----------------------------------------------------------------------------
 Breakdown of PME mesh computation
-----------------------------------------------------------------------------
 PME redist. X/F        2    4     100002      23.967        478.206  10.7
 PME spread             2    4      50001      60.284       1202.825  26.9
 PME gather             2    4      50001      38.018        758.548  17.0
 PME 3D-FFT             2    4     100002      17.550        350.177   7.8
 PME 3D-FFT Comm.       2    4     100002       5.569        111.119   2.5
 PME solve Elec         2    4      50001       2.499         49.856   1.1
-----------------------------------------------------------------------------

               Core t (s)   Wall t (s)        (%)
       Time:     1792.529      224.073      800.0
                 (ns/day)    (hour/ns)
Performance:       38.560        0.622
Finished mdrun on rank 0 Tue Aug  6 19:17:18 2024

